  batik_672018162.cpp
C:\Users\hasshh\source\repos\batik\batik\batik_672018162.cpp(36,25): warning C4305: 'argument': truncation from 'double' to 'GLfloat'
C:\Users\hasshh\source\repos\batik\batik\batik_672018162.cpp(44,25): warning C4305: 'argument': truncation from 'double' to 'GLfloat'
C:\Users\hasshh\source\repos\batik\batik\batik_672018162.cpp(52,25): warning C4305: 'argument': truncation from 'double' to 'GLfloat'
C:\Users\hasshh\source\repos\batik\batik\batik_672018162.cpp(60,23): warning C4305: 'argument': truncation from 'double' to 'GLfloat'
C:\Users\hasshh\source\repos\batik\batik\batik_672018162.cpp(117,25): warning C4305: 'argument': truncation from 'double' to 'GLfloat'
C:\Users\hasshh\source\repos\batik\batik\batik_672018162.cpp(125,25): warning C4305: 'argument': truncation from 'double' to 'GLfloat'
C:\Users\hasshh\source\repos\batik\batik\batik_672018162.cpp(133,25): warning C4305: 'argument': truncation from 'double' to 'GLfloat'
C:\Users\hasshh\source\repos\batik\batik\batik_672018162.cpp(141,25): warning C4305: 'argument': truncation from 'double' to 'GLfloat'
C:\Users\hasshh\source\repos\batik\batik\batik_672018162.cpp(199,25): warning C4305: 'argument': truncation from 'double' to 'GLfloat'
C:\Users\hasshh\source\repos\batik\batik\batik_672018162.cpp(207,25): warning C4305: 'argument': truncation from 'double' to 'GLfloat'
C:\Users\hasshh\source\repos\batik\batik\batik_672018162.cpp(215,25): warning C4305: 'argument': truncation from 'double' to 'GLfloat'
C:\Users\hasshh\source\repos\batik\batik\batik_672018162.cpp(223,25): warning C4305: 'argument': truncation from 'double' to 'GLfloat'
C:\Users\hasshh\source\repos\batik\batik\batik_672018162.cpp(283,25): warning C4305: 'argument': truncation from 'double' to 'GLfloat'
C:\Users\hasshh\source\repos\batik\batik\batik_672018162.cpp(291,25): warning C4305: 'argument': truncation from 'double' to 'GLfloat'
C:\Users\hasshh\source\repos\batik\batik\batik_672018162.cpp(299,25): warning C4305: 'argument': truncation from 'double' to 'GLfloat'
C:\Users\hasshh\source\repos\batik\batik\batik_672018162.cpp(307,25): warning C4305: 'argument': truncation from 'double' to 'GLfloat'
C:\Users\hasshh\source\repos\batik\batik\batik_672018162.cpp(368,25): warning C4305: 'argument': truncation from 'double' to 'GLfloat'
C:\Users\hasshh\source\repos\batik\batik\batik_672018162.cpp(376,25): warning C4305: 'argument': truncation from 'double' to 'GLfloat'
C:\Users\hasshh\source\repos\batik\batik\batik_672018162.cpp(384,25): warning C4305: 'argument': truncation from 'double' to 'GLfloat'
C:\Users\hasshh\source\repos\batik\batik\batik_672018162.cpp(392,25): warning C4305: 'argument': truncation from 'double' to 'GLfloat'
C:\Users\hasshh\source\repos\batik\batik\batik_672018162.cpp(453,25): warning C4305: 'argument': truncation from 'double' to 'GLfloat'
C:\Users\hasshh\source\repos\batik\batik\batik_672018162.cpp(461,25): warning C4305: 'argument': truncation from 'double' to 'GLfloat'
C:\Users\hasshh\source\repos\batik\batik\batik_672018162.cpp(469,25): warning C4305: 'argument': truncation from 'double' to 'GLfloat'
C:\Users\hasshh\source\repos\batik\batik\batik_672018162.cpp(477,25): warning C4305: 'argument': truncation from 'double' to 'GLfloat'
C:\Users\hasshh\source\repos\batik\batik\batik_672018162.cpp(534,25): warning C4305: 'argument': truncation from 'double' to 'GLfloat'
C:\Users\hasshh\source\repos\batik\batik\batik_672018162.cpp(542,25): warning C4305: 'argument': truncation from 'double' to 'GLfloat'
C:\Users\hasshh\source\repos\batik\batik\batik_672018162.cpp(550,25): warning C4305: 'argument': truncation from 'double' to 'GLfloat'
C:\Users\hasshh\source\repos\batik\batik\batik_672018162.cpp(558,25): warning C4305: 'argument': truncation from 'double' to 'GLfloat'
C:\Users\hasshh\source\repos\batik\batik\batik_672018162.cpp(617,25): warning C4305: 'argument': truncation from 'double' to 'GLfloat'
C:\Users\hasshh\source\repos\batik\batik\batik_672018162.cpp(625,25): warning C4305: 'argument': truncation from 'double' to 'GLfloat'
C:\Users\hasshh\source\repos\batik\batik\batik_672018162.cpp(633,25): warning C4305: 'argument': truncation from 'double' to 'GLfloat'
C:\Users\hasshh\source\repos\batik\batik\batik_672018162.cpp(641,25): warning C4305: 'argument': truncation from 'double' to 'GLfloat'
C:\Users\hasshh\source\repos\batik\batik\batik_672018162.cpp(701,25): warning C4305: 'argument': truncation from 'double' to 'GLfloat'
C:\Users\hasshh\source\repos\batik\batik\batik_672018162.cpp(709,25): warning C4305: 'argument': truncation from 'double' to 'GLfloat'
C:\Users\hasshh\source\repos\batik\batik\batik_672018162.cpp(717,25): warning C4305: 'argument': truncation from 'double' to 'GLfloat'
C:\Users\hasshh\source\repos\batik\batik\batik_672018162.cpp(725,25): warning C4305: 'argument': truncation from 'double' to 'GLfloat'
C:\Users\hasshh\source\repos\batik\batik\batik_672018162.cpp(786,25): warning C4305: 'argument': truncation from 'double' to 'GLfloat'
C:\Users\hasshh\source\repos\batik\batik\batik_672018162.cpp(794,25): warning C4305: 'argument': truncation from 'double' to 'GLfloat'
C:\Users\hasshh\source\repos\batik\batik\batik_672018162.cpp(802,25): warning C4305: 'argument': truncation from 'double' to 'GLfloat'
C:\Users\hasshh\source\repos\batik\batik\batik_672018162.cpp(810,25): warning C4305: 'argument': truncation from 'double' to 'GLfloat'
  Generating code
  1 of 7 functions (14.3%) were compiled, the rest were copied from previous compilation.
    0 functions were new in current compilation
    1 functions had inline decision re-evaluated but remain unchanged
  Finished generating code
  batik.vcxproj -> C:\Users\hasshh\source\repos\batik\x64\Release\batik.exe
